
Perple_X release 7.0.7, March 3, 2023.

Copyright (C) 1986-2023 James A D Connolly <www.perplex.ethz.ch/copyright.html>.

Enter the project name (the name assigned in BUILD) [default = my_project]:

Reading Perple_X options from: perplex_option.dat                                                                                  
Writing Perple_X option summary to: not requested                                                                                       

Perple_X computational option settings for WERAMI:

    Keyword:               Value:     Permitted values [default]:

  Input/Output options:

    aqueous_output          T         [F] T
    aqeuous_species         20        [20] 0-150
    aq_solvent_composition  y         [y] m: y => mol fraction, m => molality
    aq_solute_composition   m         y [m]: y => mol fraction, m => molality
    spreadsheet             T         [F] T
    logarithmic_p           F         [F] T
    logarithmic_X           F         [F] T
    bad_number             NaN        [NaN]
    composition_constant    F         [F] T
    composition_phase       mol       [mol] wt
    composition_system      wt        [wt] mol
    proportions             vol       [vol] wt mol
    absolute                F         [F] T
    cumulative              F         [F] T
    fancy_cumulative_modes  T         [F] T
    interpolation           on        [on] off 
    melt_is_fluid           T         [T] F
    solution_names          mod       [model] abbreviation full
    structural_formulae     T         [T] F
    output_species          T         [T] F
    output_species_props    F         [F] T
    seismic_output          som       [some] none all
    pause_on_error          T         [T] F
    poisson_test            F         [F] T
    interim_results         aut       [auto] off manual
    sample_on_grid          T         [T] F

  Information file output options:

    option_list_files       F         [F] T; echo computational options

  Thermodynamic options:

    approx_alpha            T         [T] F
    Anderson-Gruneisen      F         [F] T
    hybrid_EoS_H2O             4      [4] 0-2, 4-7
    hybrid_EoS_CO2             4      [4] 0-4, 7
    hybrid_EoS_CH4             0      [0] 0-1, 7
    fd_expansion_factor     2.0       [2] >0
    finite_difference_p     0.1E+05   [1d4] >0; fraction = 0.1E-02   [1d-2]

  Seismic wavespeed computational options:

    seismic_data_file       T         [F] T
    bounds                  VRH       [VRH] HS
    vrh/hs_weighting        0.5       [0.5] 0->1
    explicit_bulk_modulus   T         [T] F
    poisson_ratio           on        [on] all off; Poisson ratio = 0.35
    seismic_output          som       [some] none all
    poisson_test            F         [F] T
    Tisza_test              F         [F] T
    fluid_shear_modulus     T         [T] F
    phi_d                   0.36      [0.36] 0->1

To change these options see: www.perplex.ethz.ch/perplex_options.html


**warning ver099** The P derivative of mu for qtz      is < 0, this is improbable. 

--------------------------------------------------------------------------------
Select operational mode:
    1 - properties at specified conditions
    2 - properties on a 2d grid
    3 - properties along a 1d path
    4 - as in 3, but input from file
    0 - EXIT

Path will be described by:
   1 - a file containing a polynomial function
   2 - a file containing a list of x-y points
Enter 1 or 2:


Enter the file name:


File contains   108 points
every nth plot will be plotted, enter n:


Select a property:
    1 - Specific Enthalpy (J/m3)                                    
    2 - Density (kg/m3)                                             
    3 - Specific heat capacity (J/K/m3)                             
    4 - Expansivity (1/K, for volume)                               
    5 - Compressibility (1/bar, for volume)                         
    6 - Composition (Mol, Mass, or Wt%) of the system               
    7 - Mode (Vol, Mol, or Wt proportion) of a phase                
    8 - Composition (Mol, Mass, or Wt%) of a solution phase         
    9 - Grueneisen thermal ratio                                    
   10 - Adiabatic bulk modulus (bar)                                
   11 - Adiabatic shear modulus (bar)                               
   12 - Sound velocity (km/s)                                       
   13 - P-wave velocity (Vp, km/s)                                  
   14 - S-wave velocity (Vs, km/s)                                  
   15 - Vp/Vs                                                       
   16 - Specific entropy (J/K/m3)                                   
   17 - Entropy (J/K/kg)                                            
   18 - Enthalpy (J/kg)                                             
   19 - Heat Capacity (J/K/kg)                                      
   20 - Specific mass of a phase (kg/m3-system)                     
   21 - Poisson ratio                                               
   22 - Molar Volume (J/bar)                                        
   23 - Dependent potentials (J/mol, bar, K)                        
   24 - Assemblage Index                                            
   25 - Modes of all phases                                         
   26 - Sound velocity T derivative (km/s/K)                        
   27 - P-wave velocity T derivative (km/s/K)                       
   28 - S-wave velocity T derivative (km/s/K)                       
   29 - Adiabatic bulk modulus T derivative (bar/K)                 
   30 - Shear modulus T derivative (bar/K)                          
   31 - Sound velocity P derivative (km/s/bar)                      
   32 - P-wave velocity P derivative (km/s/bar)                     
   33 - S-wave velocity P derivative (km/s/bar)                     
   34 - Adiabatic bulk modulus P derivative (unitless)              
   35 - Shear modulus P derivative (unitless)                       
   36 - All phase &/or system properties                            
   37 - Absolute amount (Vol, Mol, or Wt) of a phase                
   38 - Multiple property output                                    
   39 - Heat capacity ratio (Cp/Cv)                                 
   40 - Lagged or back-calculated aqueous solute chemistry          

Output cumulative modes (y/n)?
(see www.perplex.ethz.ch/perplex_options.html#cumulative_modes)

Data ranges excluding values equal to bad_number (       NaN) specified in perplex_option.dat:

     Cpx            Cpx            O              Sp             Pl             Pl             qtz            Opx            Gt             C2/c           Ring          
min    13.2109       0.100000E+100   54.4647        4.69599       0.651169       0.100000E+100   7.73749        6.60497        12.8304       0.100000E+100  0.100000E+100
max    18.3914      -0.100000E+100   70.0385        4.93681        4.15291      -0.100000E+100   7.78421        24.5453        15.7633      -0.100000E+100 -0.100000E+100

Output has been written to two files:

     plt format is in file: stx21_1.plt                                                                                         
     1d tab format is in file: stx21_1.tab                                                                                         

plt format files can be plotted with:

     PSVDRAW

1d tab format files can be processed with:

     PSTABLE - a Perple_X plotting program
     PERPLE_X_PLOT - a Matlab plotting script
     spread-sheet programs, e.g., EXCEL

for details on tab format refer to:
     perplex.ethz.ch/perplex/faq/Perple_X_tab_file_format.txt

Select operational mode:
    1 - properties at specified conditions
    2 - properties on a 2d grid
    3 - properties along a 1d path
    4 - as in 3, but input from file
    0 - EXIT
